from numpy import array

try:
    import cPickle as pickle

except: #workaround for python3.X
    import _pickle as pickle


from mpmath import mpf 

parser = None

scaler = 'ThermodynamicScaler'

thermodynamics = 'ThermoCorrections'

solver = 'SteadyStateSolver'

mapper = 'MinResidMapper'

binary_data = pickle.load(open("model.pkl"))

locals().update(binary_data)

A_uc = None

adsorbate_interaction_model = 'ideal'

adsorbate_interactions = None

adsorbate_names = ('CHO_211', 'COH_211', 'CO_211', 'H_211')

adsorbate_thermo_mode = 'frozen_adsorbate'

analytical_jacobian = True

atomic_reservoir_dict = {'H': 'H2_g', 'C': 'HCOH_g', 'O': 'OH_g'}

atomic_reservoir_list = [{'H': 'H2O_g', 'C': 'CO_g', 'O': 'H2CO_g'}, {'H': 'OH_g', 'C': 'CO_g', 'O': 'H2CO_g'}, {'H': 'H2_g', 'C': 'CO_g', 'O': 'H2O_g'}, {'H': 'HCOH_g', 'C': 'CO_g', 'O': 'H2O_g'}, {'H': 'OH_g', 'C': 'CO_g', 'O': 'H2O_g'}, {'H': 'OH_g', 'C': 'CO_g', 'O': 'HCOH_g'}, {'H': 'H2_g', 'C': 'CO_g', 'O': 'OH_g'}, {'H': 'H2_g', 'C': 'H2CO_g', 'O': 'H2O_g'}, {'H': 'OH_g', 'C': 'H2CO_g', 'O': 'H2O_g'}, {'H': 'H2_g', 'C': 'H2CO_g', 'O': 'OH_g'}, {'H': 'H2_g', 'C': 'HCOH_g', 'O': 'H2O_g'}, {'H': 'OH_g', 'C': 'HCOH_g', 'O': 'H2O_g'}, {'H': 'H2_g', 'C': 'HCOH_g', 'O': 'OH_g'}]

atoms_dict = {}

beta = 0.5

coverage_headers = ['coverage', 'coadsorbate_coverage']

coverage_map = [[[-0.19999999999999996, 0.0], [mpf('0.00000000000080694008869636725486666154661461412427179370797868176403585576959657900128468938487763129949905721641104614911365455286355313966'), mpf('0.0000000000017491479065844613824327851019175339807536616003759846700799518839216005214766844921997668125140732926044000500755137075217814136'), mpf('0.067044273165252505775549334700308031362574925973764994326949603459164288821545173636026424041149519364098672129166911152546334069'), mpf('0.000000000000000000054210108624275221700372636614342537686678481368873076310197270064731965214973770946897267197560664492508295161183766576324556086')]], [[0.40000000000000013, 0.0], [mpf('0.0000000000017330057082117544614063225640426390085227730429108031596846666455041150609211018106596470273615403089406857549281988380317699329'), mpf('0.00000000000036883277604734903448115987871412863063716845481331915331733764796047759762598715520111566296748663940213075324931844872488419204'), mpf('0.14398604026084586379425765804726804836197018321702612560461476457469130890397340863198387174428262337666785726866191458503738257'), mpf('0.000000000000000000054210108624275221700372636614342537686678481368873076310197270064731965214973770946897267197560664492508295161183766576324556086')]], [[-0.3999999999999999, 0.0], [mpf('0.00000000000047694928723351026654206831888243039622236929751479010510725397987567272414440815336373299198353075585558121911733798405329181359'), mpf('0.0000000000022410043005553279769306790262673724122872283616219930993147529905503617598288527679674531986656580913127485162511573097185256876'), mpf('0.039627128143943159919641298517140333533387578332964115800625105982765242000525242391895516778833613248467612833142102509080307102'), mpf('0.000000000000000000054210108624275221700372636614342537686678481368873076310197270064731965214973770946897267197560664492508295161183766576324556086')]], [[-0.8, 0.0], [mpf('0.00000000000012525286234463102931917119212307030340344459983446491884519590428162334099274284637831820527721843050586545649318467996647914598'), mpf('0.0000000000027652132619913630518976620934900707662054268969881391963845744579035120125993381824804086249697136833397896324978793122448268101'), mpf('0.010406580656228899897119379833782924275045509570788161667724457477358814138909395553684471673539677823679880661232112988595323649'), mpf('0.000000000000000000054210108624275221700372636614342537686678481368873076310197270064731965214973770946897267197560664492508295161183766576324556086')]], [[0.6000000000000001, 0.0], [mpf('0.0000000000018580626108041873600765640027883186458076868534676734823731058982290040825962310639782203099058165714515939729802801286066673843'), mpf('0.00000000000018243351332551004685647578487118278467823434982179801792494601165383376319890820695026500151142531035346195572491328271989537081'), mpf('0.15437634222408792121677497732212803315565664953115252198869474765063929257048896269179436646690607156877891357287465259946832959'), mpf('0.000000000000000000054210108624275221700372636614342537686678481368873076310197270064731965214973770946897267197560664492508295161183766576324556086')]], [[1.0, 0.0], [mpf('0.000000000001897709499031241136377005174882142204488603390822488610128727019811654172581252688958727557460207373866287010251650331906695393'), mpf('0.000000000000043000477737721591759449569390254707899894644742473827535420997017747834830719236022262156082399690200419590446743554567898514476'), mpf('0.17127833622365660169307964244368512292144196501363614383768715174375956114412999883261956835936903769375746513385818256887344176'), mpf('1.0000000000000000199918998026028836196477607885341594201826030059365956992555434676176762886132929895827460748109118507985282705e-100')]], [[0.0, 0.0], [mpf('0.0000000000011852584849833759998865858358593955886785306630434612287162563727772842219858489385891720670254962855284153076995324080639131092'), mpf('0.0000000000011852584849833759998865858358593955886785306630434612287162563727772842219858489385891720670254962855284153076995324080639131092'), mpf('0.098476695794152749322325408940028593426106327586776030665017647592342114454230937335358545105098518524958584564986869702013390391'), mpf('0.000000000000000000054210108624275221700372636614342537686678481368873076310197270064731965214973770946897267197560664492508295161183766576324556086')]], [[-1.0, 0.0], [mpf('0.000000000000059821279657435014866388025235936376652700682662326548836931434118821377143873199307913726738492847643485890958424284329391467218'), mpf('0.000000000002862740048100742886462856560507073764798633825268467702403311147844886297842915307830393520679531954225374128307878339638609199'), mpf('0.0049702255107034866504401649994166884137427187389049594250498389098614851606945155535669009947757033040504000211090829077055963683'), mpf('0.000000000000000000054210108624275221700372636614342537686678481368873076310197270064731965214973770946897267197560664492508295161183766576324556086')]], [[0.8, 0.0], [mpf('0.0000000000019220237339912194171753517960595894710781367502068981694180944409691674693603619909505842575264003137421985877695094516502880554'), mpf('0.00000000000008706295431749089719977275504947691783592020926241846402885702205086889940725999243579047224605498410962447697948539338168739594'), mpf('0.15969654056641875967060651936960525527258954632671313923996655298523915797067651770499765039390592960473894339584898721115333353'), mpf('0.000000000000000000054210108624275221700372636614342537686678481368873076310197270064731965214973770946897267197560664492508295161183766576324556086')]], [[-0.6, 0.0], [mpf('0.00000000000025283132476284757803980933331638452773501717932078830644766026387975410179485424261291307578784479081641104812175531913883764776'), mpf('0.00000000000257505559033749263376459665710400992515282906096884252060571729727057044370062114028209889410393498261504536076308965557762327'), mpf('0.021006382802864128009442949415222657448232368879602355802282694256337209271484593762759214954041934451028020553616695539189256056'), mpf('0.000000000000000000054210108624275221700372636614342537686678481368873076310197270064731965214973770946897267197560664492508295161183766576324556086')]], [[0.20000000000000018, 0.0], [mpf('0.000000000001512363413682481521351689430740732475207423588582514271476867864024903134568701282772124236384321432545197740454637107059628848'), mpf('0.00000000000069770352900637077132420164438159848110402041026321464471161259176127878673025408279431046911909607858729728172083134910428339835'), mpf('0.12565406930751097973272978060982399640822130303373159459702489311003070252718089212367778432117817751275502408303602618464446315'), mpf('0.000000000000000000054210108624275221700372636614342537686678481368873076310197270064731965214973770946897267197560664492508295161183766576324556086')]]]

cross_interaction_mode = 'geometric_mean'

data_file = 'model.pkl'

decimal_precision = 100

descriptor_decimal_precision = 2

descriptor_names = ('voltage', 'pH')

descriptor_ranges = [[-1.0, 1.0], [0, 1]]

echem_transition_state_names = []

electrochemical_thermo_mode = 'simple_electrochemical'

elementary_rxns = ([['CO_g', '211'], ['C-O_211'], ['CO_211']], [['CO_211', 'ele_g', 'H2O_g'], ['CO-H2O-ele_211'], ['CHO_211', 'OH_g']], [['CO_211', 'ele_g', 'H2O_g'], ['OC-H2O-ele_211'], ['COH_211', 'OH_g']], [['COH_211', 'ele_g', 'H2O_g'], ['HCOH_g', 'OH_g', '211']], [['CHO_211', 'ele_g', 'H2O_g'], ['H2CO_g', 'OH_g', '211']], [['H_211', 'H_211'], ['H2_g', '211', '211']])

estimate_frequencies = True

extrapolate_coverages = False

extrapolated_potential = 0.0

fixed_entropy_dict = {'H2_g': 0.00135, 'other': 0.002}

force_recalculation = True

force_recompilation = False

free_energy_map = [[[-0.19999999999999996, 0.0], [0.0, -2.0, 0.0, 0.0, -2.0, 0.0, 0.19999999999999996, -0.5, -0.5, 0.0, 0.0, 0.773, 0.85, 0.83]], [[0.40000000000000013, 0.0], [0.0, -2.0, 0.0, 0.0, -2.0, 0.0, -0.40000000000000013, -0.5, -0.5, 0.0, 0.0, 0.773, 0.2499999999999999, 0.2899999999999999]], [[-0.3999999999999999, 0.0], [0.0, -2.0, 0.0, 0.0, -2.0, 0.0, 0.3999999999999999, -0.5, -0.5, 0.0, 0.0, 0.773, 1.0499999999999998, 1.01]], [[-0.8, 0.0], [0.0, -2.0, 0.0, 0.0, -2.0, 0.0, 0.8, -0.5, -0.5, 0.0, 0.0, 0.773, 1.4500000000000002, 1.37]], [[0.6000000000000001, 0.0], [0.0, -2.0, 0.0, 0.0, -2.0, 0.0, -0.6000000000000001, -0.5, -0.5, 0.0, 0.0, 0.773, 0.04999999999999993, 0.10999999999999999]], [[1.0, 0.0], [0.0, -2.0, 0.0, 0.0, -2.0, 0.0, -1.0, -0.5, -0.5, 0.0, 0.0, 0.773, -0.35, -0.25]], [[0.0, 0.0], [0.0, -2.0, 0.0, 0.0, -2.0, 0.0, 0.0, -0.5, -0.5, 0.0, 0.0, 0.773, 0.65, 0.65]], [[-1.0, 0.0], [0.0, -2.0, 0.0, 0.0, -2.0, 0.0, 1.0, -0.5, -0.5, 0.0, 0.0, 0.773, 1.65, 1.55]], [[0.8, 0.0], [0.0, -2.0, 0.0, 0.0, -2.0, 0.0, -0.8, -0.5, -0.5, 0.0, 0.0, 0.773, -0.15000000000000002, -0.06999999999999995]], [[-0.6, 0.0], [0.0, -2.0, 0.0, 0.0, -2.0, 0.0, 0.6, -0.5, -0.5, 0.0, 0.0, 0.773, 1.25, 1.19]], [[0.20000000000000018, 0.0], [0.0, -2.0, 0.0, 0.0, -2.0, 0.0, -0.20000000000000018, -0.5, -0.5, 0.0, 0.0, 0.773, 0.44999999999999984, 0.46999999999999986]]]

frequency_dict = {'H2_g': [], 'COH_211': [], 'CO_g': [], 'g': [], 'H2O_g': [], '211': [], '*_g': [], '*_211': [], 'ele_g': [], 'OC-H2O-ele_211': [], 'C-O_211': [], 'OH_g': [], 'H_211': [], 'H2CO_g': [], 'HCOH_g': [], 'CO-H2O-ele_211': [], 'CO_211': [], 'CHO_211': []}

frequency_surface_names = []

frequency_unit_conversion = 0.0001239842

gas_names = ('CO_g', 'H2CO_g', 'H2O_g', 'H2_g', 'HCOH_g', 'OH_g', 'ele_g')

gas_pressures = [1.0, 0.0, 0.035, 0.0, 0.0, 1.0, 1.0]

gas_thermo_mode = 'frozen_gas'

hbond_dict = {'OCHCH2': 0.0, 'C': 0.0, 'CO2': 0.0, 'CO': -0.1, 'OCH2O': 0.0, 'OH': -0.5, 'CHOH': -0.25, 'H': 0.0, 'OCHO': 0.0, 'O': 0.0, 'CHO': -0.1, 'OCH3': 0.0, 'CH2': 0.0, 'CH': 0.0, 'COHOH': -0.25, 'CH3': 0.0, 'CH2OH': -0.25, 'CH2O': 0.0, 'COH': -0.25, 'COOH': -0.25, 'OCHCHO': 0.0}

hindered_ads_params = {}

ideal_gas_params = {'H2_g': [2, 'linear', 0], 'CH3OH_g': [1, 'nonlinear', 0], 'C5H6O2_g': [1, 'nonlinear', 0], 'CO_g': [1, 'linear', 0], 'H2O_g': [2, 'nonlinear', 0], 'HCOOH_g': [1, 'nonlinear', 0], 'CH4O2_g': [2, 'nonlinear', 0], 'CH3CH2CHCH2_g': [1, 'nonlinear', 0], 'CH3CHCH2_g': [1, 'nonlinear', 0], 'O2_g': [2, 'linear', 1.0], 'N2_g': [2, 'linear', 0], 'CH3CH2OH_g': [1, 'nonlinear', 0], 'NH3_g': [3, 'nonlinear', 0], 'CH4_g': [12, 'nonlinear', 0], 'CH3CHO_g': [1, 'nonlinear', 0], 'C3H6_g': [1, 'nonlinear', 0], 'HCl_g': [1, 'linear', 0], 'CH2CH2_g': [4, 'nonlinear', 0], 'C2H2_g': [2, 'linear', 0], 'CH3CHCHCH3_g': [2, 'nonlinear', 0], 'CO2_g': [2, 'linear', 0], 'pe_g': [2, 'linear', 0], 'CH3CH3CCH2_g': [2, 'nonlinear', 0], 'C2H4_g': [4, 'nonlinear', 0], 'C5H4O2_g': [1, 'nonlinear', 0], 'C5H6O_g': [1, 'nonlinear', 0], 'CH2O_g': [2, 'nonlinear', 0], 'CH3COOH_g': [1, 'nonlinear', 0], 'C2H6_g': [6, 'nonlinear', 0], 'Cl2_g': [2, 'linear', 0]}

input_file = 'energies.txt'

interaction_fitting_mode = None

interaction_strength = 0

interaction_surface_names = None

internally_constrain_coverages = True

max_bisections = 3

max_initial_guesses = 3

max_rootfinding_iterations = 200

model_name = 'model'

numAfterPt = 0

numBeforePt = 0

numerical_representation = 'mpmath'

optimize_analytical_expressions = False

output_labels = {'rate': ([['CO_g', '211'], ['C-O_211'], ['CO_211']], [['CO_211', 'ele_g', 'H2O_g'], ['CO-H2O-ele_211'], ['CHO_211', 'OH_g']], [['CO_211', 'ele_g', 'H2O_g'], ['OC-H2O-ele_211'], ['COH_211', 'OH_g']], [['COH_211', 'ele_g', 'H2O_g'], ['HCOH_g', 'OH_g', '211']], [['CHO_211', 'ele_g', 'H2O_g'], ['H2CO_g', 'OH_g', '211']], [['H_211', 'H_211'], ['H2_g', '211', '211']]), 'production_rate': ('CO_g', 'H2CO_g', 'H2O_g', 'H2_g', 'HCOH_g', 'OH_g', 'ele_g'), 'coverage': ('CHO_211', 'COH_211', 'CO_211', 'H_211'), 'free_energy': ('CO_g', 'H2CO_g', 'H2O_g', 'H2_g', 'HCOH_g', 'OH_g', 'ele_g', 'CHO_211', 'COH_211', 'CO_211', 'H_211', 'C-O_211', 'CO-H2O-ele_211', 'OC-H2O-ele_211')}

output_variables = ['coverage', 'rate', 'production_rate', 'free_energy']

pH = 0.0

parameter_mode = 'formation_energy'

parameter_names = ('CHO_211', 'COH_211', 'CO_211', 'H_211', 'C-O_211', 'CO-H2O-ele_211', 'OC-H2O-ele_211')

parse_headers = ['formation_energy', 'frequencies']

perturbation_size = 1e-14

potential_reference_scale = 'SHE'

prefactor_list = ['1e+13', '1e+13', '1e+13', '1e+13', '1e+13', '1e+13']

pressure = 1

pressure_mode = 'static'

production_rate_map = [[[-0.19999999999999996, 0.0], [0, mpf('0.28242903104372856607983552022830331423122195316845980397385636016027220481435572504632789547682614640623996377231025396164580024'), 0, mpf('0.000000000000000000000000029387358770557187699218409712659331340424103587951714656447692649221240732792117294258355007847749970329860170627455198247176887'), mpf('0.61220176730456154210980316661998133482358236819973091711925708307536181443388329282206532397575877850583793927762566339311163248'), mpf('1.7892615966965802163792773736965692981096086427363814421862268864712680384964780357367864389051698498241558060998718347095148654'), 0]], [[0.40000000000000013, 0.0], [0, mpf('0.60655199787411411921289806932038936002551562023432469347213989131201059041569622669635188209103138424451307686282467290189044206'), 0, mpf('0.000000000000000000000000029387358770557187699218409712659331340424103587951714656447692649221240732792117294258355007847749970329860170627455198247176887'), mpf('0.12909147161657217435300516367537005613576198835152624059186439619067700892891606413655843150106536088447305838373078447139403378'), mpf('1.4712869389813725871318064659915188323225552171717018681280085750053751986892245816658206271841934902579722704931109147465689531'), 0]], [[-0.3999999999999999, 0.0], [0, mpf('0.16693225053172860917532631956486049727181079319892991668397473902429264195650253081585441063647145139996533710389108098046336671'), 0, mpf('0.000000000000000000000000029387358770557187699218409712659331340424103587951714656447692649221240732792117294258355007847749970329860170627455198247176887'), mpf('0.78435150519436486656617484200916838838343033402998898656223255820977885695166158344832210533813180917826813593254285879864618542'), mpf('1.9025675114521869514830023231480577713104822544578378064924145944681429978163282285283530319492065211564669460728678795582191039'), 0]], [[-0.8, 0.0], [0, mpf('0.043838501820620864433468267499513735285899698939392174771815865710939636090722266091594271849891010162076040526995403911500027909'), 0, mpf('0.000000000000000000000000029387358770557187699218409712659331340424103587951714656447692649221240732792117294258355007847749970329860170627455198247176887'), mpf('0.96782464169697716026428467657091994096461811926063708887977131969958945529584173328813636727870534951217381799549816356398509924'), mpf('2.0233262870351960493955058881408673525010356364000585273031743708210581827731279987594612782571927193484997170449871349509702538'), 0]], [[0.6000000000000001, 0.0], [0, mpf('0.65032191378146563791271415227411021886147968295027528645391445917675155073015014475765908336502601297359438136704275310500696754'), 0, mpf('0.000000000000000000000000029387358770557187699218409712659331340424103587951714656447692649221240732792117294258355007847749970329860170627455198247176887'), mpf('0.063851729663928522476023133422160912975860264124979207793508471303548546871422428998904034408727934084763125605053330694231104432'), mpf('1.4283472868907883207774745713925422636746798941505089884948458609606001952031451475131262355475078941167150139441921675984761419'), 0]], [[1.0, 0.0], [0, mpf('0.66419832466093446093837520743940307292428090691238368374366960064107647477777410200456910605808627996551473559758496079428553424'), 0, mpf('1.0000000000000000399837996052057676389715792943815358772588991067916284619762481235798720265026929141190899127069102147702847264e-187'), mpf('0.01505016720820255854801096291558837893537322778915396869197060458830502493461796922756482918709612403692064237502215514997018788'), mpf('1.3584969837382740389727723407099829037193082694030753048712804104587629994247841424642678704903648080048707559452142318885114445'), 0]], [[0.0, 0.0], [0, mpf('0.41484046974418163943734284737702004512962504538011970814254223233283829485981973385493912961443043223018262957943733179437152286'), 0, mpf('0.000000000000000000000000029387358770557187699218409712659331340424103587951714656447692649221240732792117294258355007847749970329860170627455198247176887'), mpf('0.41484046974418163943734284737702004512962504538011970814254223233283829485981973385493912961443043223018262957943733179437152286'), mpf('1.65936187897672655774937138950808018051850018152047883257016892933135317943927893541975651845772172892073051831774932717748609'), 0]], [[-1.0, 0.0], [0, mpf('0.020937447880102257195684669979323247512532748696492761342503476694738062064912464191403229327600296713937188536814265915048382179'), 0, mpf('0.000000000000000000000000029387358770557187699218409712659331340424103587951714656447692649221240732792117294258355007847749970329860170627455198247176887'), mpf('1.0019590168352601056103972437166624774232001539173899328874365643736136219134765400025189646775950270144692879877227274878272207'), mpf('2.0457929294307247256121638273919714498714658052277653884598800821367033679567780083878443880103906474568129530490739868057512062'), 0]], [[0.8, 0.0], [0, mpf('0.67270830689692686002762322921292388301728339401588188205062286139899413911353335193476571693822868876647259375138182748035133032'), 0, mpf('0.000000000000000000000000029387358770557187699218409712659331340424103587951714656447692649221240732792117294258355007847749970329860170627455198247176887'), mpf('0.030472034011121816919699358522314180296216140197267844755221905408522160763489612157153109735894483352097811283497284744852032286'), mpf('1.4063606818160973538946451754704761266269990684262994536116895336150325997540459281838376533482463442371408100697582244504067248'), 0]], [[-0.6, 0.0], [0, mpf('0.088490963666996660734908009606550901964213373989814148578952808999858134194957109430841207157974453518929952816188875087012496627'), 0, mpf('0.000000000000000000000000029387358770557187699218409712659331340424103587951714656447692649221240732792117294258355007847749970329860170627455198247176887'), mpf('0.90126945661812250758418901245867637449672298587903817457087314862234347196767931532397239093466229140569668996410736899298102125'), mpf('1.9795208405702383366381940441304545529218727197377046462996519152444032123252728495096271961852734898492532855605924881599870378'), 0]], [[0.20000000000000018, 0.0], [0, mpf('0.5293271947888685828449118048890010669288097411781752967121142745673884412453427447974783539373262867241125058008697447136582911'), 0, mpf('0.000000000000000000000000029387358770557187699218409712659331340424103587951714656447692649221240732792117294258355007847749970329860170627455198247176887'), mpf('0.24419623515222979320166624348651739157888713944515149349663832341567768918930454846304458552123847393099443677451688351934406322'), mpf('1.547046859882196752093156096751036917015393761246653580417505195966132260869294586521045878917129521310213885150773256466004709'), 0]]]

required_headers = ['species_name', 'surface_name', 'site_name', 'formation_energy', 'frequencies', 'reference']

residual_threshold = 0.9

resolution = [11, 1]

rxn_expressions = ['CO_g + *_211 <-> C-O_211 <-> CO_211', 'CO_211 + ele_g + H2O_g <-> CO-H2O-ele_211 <-> CHO_211 + OH_g; beta=0.0', 'CO_211 + ele_g + H2O_g <-> OC-H2O-ele_211 <-> COH_211 + OH_g; beta=0.1', 'COH_211 + ele_g + H2O_g -> HCOH_g + OH_g + *_211; beta=0.5', 'CHO_211 + ele_g + H2O_g -> H2CO_g + OH_g + *_211; beta=0.5', 'H_211 + H_211 <-> H2_g + 2*_211']

rxn_mechanisms = {}

rxn_options_dict = {'beta': {1: '0.0', 2: '0.1', 3: '0.5', 4: '0.5'}, 'prefactor': {}}

search_directions = [[0, 0], [0, 1], [1, 0], [0, -1], [-1, 0], [-1, 1], [1, 1], [1, -1], [-1, -1]]

setup_file = 'model.mkm'

shomate_params = {'HNO3_g:298-1200': [19.63229, 153.9599, -115.8378, 32.87955, -0.249114, -146.8818, 247.7049, -134.306], 'CH4_g:298-1300': [-0.703029, 108.4773, -42.52157, 5.862788, 0.678565, -76.84376, 158.7163, -74.8731], 'C5H4O2_g:100-1500': [-16.36694, 0.46958, -0.000331925, 8.50912e-08, 198590.9145, -1661.34999, -15.68938, 12461.34999], 'CH2CH2_g:298-1200': [-6.38788, 184.4019, -112.9718, 28.49593, 0.31554, 48.17332, 163.1568, 52.46694], 'HCN_g:298-1200': [32.69373, 22.59205, -4.369142, -0.407697, -0.282399, 123.4811, 233.2597, 135.1432], 'N2_g:100-500': [28.98641, 1.853978, -9.647459, 16.63537, 0.000117, -8.671914, 226.4168, 0.0], 'O2_g:2000-6000': [20.91111, 10.72071, -2.020498, 0.146449, 9.245722, 5.337651, 237.6185, 0.0], 'HCl_g:298-1200': [32.12392, -13.45805, 19.86852, -6.853936, -0.049672, -101.6206, 228.6866, -92.31201], 'CO2_g:1200-6000': [58.16639, 2.720075, -0.492289, 0.038844, -6.447293, -425.9186, 263.6125, -393.5224], 'H2_g:1000-2500': [18.563083, 12.257357, -2.859786, 0.268238, 1.97799, -1.147438, 156.288133, 0], 'Cl2_g:298-1000': [33.0506, 12.2294, -12.0651, 4.38533, -0.159494, -10.8348, 259.029, 0.0], 'HNO2_g:298-1200': [24.89974, 91.37563, -64.84614, 17.92007, -0.134737, -88.13596, 254.2671, -76.73498], 'NO_g:298-1200': [23.83491, 12.58878, -1.139011, -1.497459, 0.214194, 83.35783, 237.1219, 90.29114], 'NH3_g:298-1400': [19.99563, 49.77119, -15.37599, 1.921168, 0.189174, -53.30667, 203.8591, -45.89806], 'N2_g:500-2000': [19.50583, 19.88705, -8.598535, 1.369784, 0.527601, -4.935202, 212.39, 0.0], 'O2_g:100-700': [31.32234, -20.23531, 57.8664, -36.50624, -0.007374, -8.903471, 246.7945, 0.0], 'CO_g:1300-1600': [35.1507, 1.300095, -0.205921, 0.01355, -3.28278, -127.8375, 231.712, -110.5271], 'CH2O_g:298-1500': [5.193767, 93.23249, -44.85457, 7.882279, 0.551175, -119.3591, 202.4663, -115.8972], 'CH4_g:1300-1600': [85.81217, 11.26467, -2.114146, 0.13819, -26.42221, -153.5327, 224.4143, -74.8731], 'C5H6O2_g:100-1500': [-18.57626, 0.50733, -0.000335824, 8.28263e-08, 231619.2141, -6357.53523, 2.75692, 7057.53523], 'H2O_g:1700-6000': [41.96426, 8.622053, -1.49978, 0.098119, -11.15764, -272.1797, 219.7809, -241.8264], 'H2_g:2500-6000': [43.41356, -4.293079, 1.272428, -0.096876, -20.533862, -38.515158, 162.081354, 0], 'H2_g:298-1000': [33.066178, -11.363417, 11.432816, -2.772874, -0.158558, -9.980797, 172.707974, 0], 'NO3_g:298-1200': [11.22316, 166.3889, -148.4458, 47.40598, -0.176791, 61.00858, 221.7679, 71.128], 'C5H6O_g:50-1500': [1.26847, 0.35388, -0.000173962, 2.87427e-08, 48401.71207, -5691.94893, -85.38991, 7191.94893], 'CO_g:298-1300': [25.56759, 6.09613, 4.054656, -2.671201, 0.131021, -118.0089, 227.3665, -110.5271], 'O2_g:700-2000': [30.03235, 8.772972, -3.988133, 0.788313, -0.741599, -11.32468, 236.1663, 0.0], 'H2O_g:500-1700': [30.092, 6.832514, 6.793435, -2.53448, 0.082139, -250.881, 223.3967, -241.8264], 'CH3CH2OH_g:298-1500': [-4.7367880805894265, 271.96181550301463, -169.34946529216657, 43.73860153608533, 0.24643430702178773, -9.828280829187861, 203.3325622617075, 0.0], 'CH3CHO_g:298-1500': [4.8037386340099095, 185.92002366990326, -99.1084610902012, 20.61473919069016, 0.2770802548558646, -8.566600040790945, 220.00244674443837, 0.0], 'N2O_g:298-1400': [27.67988, 51.14898, -30.64454, 6.847911, -0.157906, 71.24934, 238.6164, 82.04824], 'HCOOH_g:298-1500': [3.802752304225226, 153.66217894746168, -84.64046773816926, 16.297377707561505, 0.2772064997263338, -6.16527, 212.9698972559699, 0], 'NO2_g:298-1200': [16.10857, 75.89525, -54.3874, 14.30777, 0.239423, 26.17464, 240.5386, 33.09502], 'CO2_g:298-1200': [24.99735, 55.18696, -33.69137, 7.948387, -0.136638, -403.6075, 228.2431, -393.5224], 'H2O_g:100-500': [36.303952, -24.11232, 63.64111, -38.9524, -0.01385, -10.23966, 237.39431, 0.0], 'CH3OH_g:298-1500': [-1.0845814245433651, 153.2463565199489, -79.53050359618254, 16.47130239316011, 0.5220334601533215, -4.897417024069, 199.1893745506112, 0.0]}

site_names = ('g', '211')

species_definitions = {'H2_g': {'n_sites': 0, 'pressure': 0.0, 'formation_energy': 0.0, 'name': 'H2', 'frequencies': [], 'formation_energy_source': 'GK calc', 'type': 'gas', 'composition': {'H': 2}, 'site': 'g'}, 'H2CO_g': {'n_sites': 0, 'pressure': 0.0, 'formation_energy': -2.0, 'name': 'H2CO', 'frequencies': [], 'formation_energy_source': 'fd', 'type': 'gas', 'composition': {'H': 2, 'C': 1, 'O': 1}, 'site': 'g'}, 'H2O_g': {'n_sites': 0, 'pressure': 0.035, 'formation_energy': 0.0, 'name': 'H2O', 'frequencies': [], 'formation_energy_source': 'GK calc', 'type': 'gas', 'composition': {'H': 2, 'O': 1}, 'site': 'g'}, '211': {'n_sites': 1, 'formation_energy': 0, 'name': '211', 'frequencies': [], 'site': '211', 'interaction_response_parameters': {'cutoff': 0.25, 'smoothing': 0.05}, 'total': 1.0, 'type': 'site', 'composition': {}, 'site_names': ['211']}, 'CO_g': {'n_sites': 0, 'pressure': 1.0, 'formation_energy': 0.0, 'name': 'CO', 'frequencies': [], 'formation_energy_source': 'GK calc', 'type': 'gas', 'composition': {'C': 1, 'O': 1}, 'site': 'g'}, 'HCOH_g': {'n_sites': 0, 'pressure': 0.0, 'formation_energy': -2.0, 'name': 'HCOH', 'frequencies': [], 'formation_energy_source': 'fd', 'type': 'gas', 'composition': {'H': 2, 'C': 1, 'O': 1}, 'site': 'g'}, 'CO_211': {'n_sites': 1, 'formation_energy': [0.0], 'name': 'CO', 'frequencies': [], 'formation_energy_source': ['das'], 'site': '211', 'type': 'adsorbate', 'composition': {'C': 1, 'O': 1}}, 'CHO_211': {'n_sites': 1, 'formation_energy': [-0.5], 'name': 'CHO', 'frequencies': [], 'formation_energy_source': ['das'], 'site': '211', 'type': 'adsorbate', 'composition': {'H': 1, 'C': 1, 'O': 1}}, 'COH_211': {'n_sites': 1, 'formation_energy': [-0.5], 'name': 'COH', 'frequencies': [], 'formation_energy_source': ['csd'], 'site': '211', 'type': 'adsorbate', 'composition': {'H': 1, 'C': 1, 'O': 1}}, 'g': {'n_sites': 0, 'formation_energy': 0, 'name': 'g', 'frequencies': [], 'site': 'g', 'total': 0, 'type': 'site', 'composition': {}, 'site_names': ['gas']}, '*_g': {'n_sites': 0, 'formation_energy': 0, 'name': 'g', 'frequencies': [], 'site': 'g', 'total': 0, 'type': 'site', 'composition': {}, 'site_names': ['gas']}, '*_211': {'n_sites': 1, 'formation_energy': 0, 'name': '211', 'frequencies': [], 'site': '211', 'interaction_response_parameters': {'cutoff': 0.25, 'smoothing': 0.05}, 'total': 1.0, 'type': 'site', 'composition': {}, 'site_names': ['211']}, 'ele_g': {'n_sites': 0, 'pressure': 1.0, 'formation_energy': 0.0, 'name': 'ele', 'frequencies': [], 'formation_energy_source': 'Generated by CatMAP', 'type': 'gas', 'composition': {}, 'site': 'g'}, 'OC-H2O-ele_211': {'n_sites': 1, 'formation_energy': [0.65], 'name': 'OC-H2O-ele', 'frequencies': [], 'formation_energy_source': ['CO->COH'], 'site': '211', 'type': 'transition_state', 'composition': {'H': 2, 'C': 1, 'O': 2}}, 'C-O_211': {'n_sites': 1, 'formation_energy': [0.773], 'name': 'C-O', 'frequencies': [], 'formation_energy_source': ['CO adsorption (RDS)'], 'site': '211', 'type': 'transition_state', 'composition': {'C': 1, 'O': 1}}, 'OH_g': {'n_sites': 0, 'formation_energy': 0.0, 'name': 'OH', 'frequencies': [], 'formation_energy_source': 'Generated by CatMAP', 'site': 'g', 'pressure': 1.0, 'type': 'gas', 'composition': {'H': 1, 'O': 1}}, 'H_211': {'n_sites': 1, 'formation_energy': [0.0], 'name': 'H', 'frequencies': [], 'formation_energy_source': ['csd'], 'site': '211', 'type': 'adsorbate', 'composition': {'H': 1}}, 'CO-H2O-ele_211': {'n_sites': 1, 'formation_energy': [0.65], 'name': 'CO-H2O-ele', 'frequencies': [], 'formation_energy_source': ['CO->CHO'], 'site': '211', 'type': 'transition_state', 'composition': {'H': 2, 'C': 1, 'O': 2}}}

standard_coadsorbate_coverage = 'min'

standard_coverage = 'min'

surface_names = ('Cu',)

temperature = 300.0

thermodynamic_corrections = ['gas', 'adsorbate', 'electrochemical']

thermodynamic_variables = ['temperature', 'gas_pressures', 'voltage', 'beta', 'pH', 'Upzc', 'gas_thermo_mode', 'adsorbate_thermo_mode']

tolerance = 1e-25

transition_state_names = ('C-O_211', 'CO-H2O-ele_211', 'OC-H2O-ele_211')

verbose = 1

voltage = -1.0

voltage_diff_drop = 0.0

stdout = """mapper_iteration_0: status - 11 points do not have valid solution.
minresid_iteration_0: success - [ 1.00, 0.00] using coverages from [ 1.00, 0.00]
minresid_iteration_0: success - [ 0.80, 0.00] using coverages from [ 0.80, 0.00]
minresid_iteration_0: success - [ 0.60, 0.00] using coverages from [ 0.60, 0.00]
minresid_iteration_0: success - [ 0.40, 0.00] using coverages from [ 0.40, 0.00]
minresid_iteration_0: success - [ 0.20, 0.00] using coverages from [ 0.20, 0.00]
minresid_iteration_0: success - [ 0.00, 0.00] using coverages from [ 0.00, 0.00]
minresid_iteration_0: success - [-0.20, 0.00] using coverages from [-0.20, 0.00]
minresid_iteration_0: success - [-0.40, 0.00] using coverages from [-0.40, 0.00]
minresid_iteration_0: success - [-0.60, 0.00] using coverages from [-0.60, 0.00]
minresid_iteration_0: success - [-0.80, 0.00] using coverages from [-0.80, 0.00]
minresid_iteration_0: success - [-1.00, 0.00] using coverages from [-1.00, 0.00]
mapper_iteration_1: status - 0 points do not have valid solution."""